{"logTime": "0328/024920", "correlationVector":"zTuYrQNXvyViYfyGPksgnG","action":"SyncServerConnectionManagerRequest", "result":"SYNC_SERVER_OK", "context":{"environment":"", "migrationStage":"", "server":""}}
{"logTime": "0328/024920", "correlationVector":"Y2qbDMuqAbwFWITQPooLk9","action":"SyncServerConnectionManagerRequest", "result":"CONNECTION_UNAVAILABLE", "context":{"error_type":"net_error_code", "error_value":"-101"}}
{"logTime": "0328/025005", "correlationVector":"MvF/oENIeVU7MtMTZkVO/E.1","action":"SyncServerConnectionManagerRequest", "result":"SYNC_SERVER_OK", "context":{"environment":"Prod_SoutheastAsia_000j", "migrationStage":"NotStarted", "server":"GENERAL03000019"}}
{"logTime": "0328/025005", "correlationVector":"Y2qbDMuqAbwFWITQPooLk9","action":"Initial GetUpdates", "result":"", "context":Reason: NEW_CLIENT. cV=Y2qbDMuqAbwFWITQPooLk9}
{"logTime": "0328/025005", "correlationVector":"KbTa2wP67oAkf4lxxCgiYw.0","action":"GetUpdates Response", "result":"NETWORK_ERROR_TRANSPORT (ERR_CONNECTION_RESET)", "context":Received error: NETWORK_ERROR_TRANSPORT (ERR_CONNECTION_RESET). }
{"logTime": "0328/025005", "correlationVector":"MvF/oENIeVU7MtMTZkVO/E","action":"Initial GetUpdates", "result":"", "context":Reason: NEW_CLIENT. cV=MvF/oENIeVU7MtMTZkVO/E}
{"logTime": "0328/025005", "correlationVector":"MvF/oENIeVU7MtMTZkVO/E.2","action":"GetUpdates Response", "result":"SYNCER_OK", "context":Received 1 update(s). cV=MvF/oENIeVU7MtMTZkVO/E.0;server=GENERAL03000019;cloudType=Consumer;environment=Prod_SoutheastAsia_000j;migrationStage=NotStarted}
{"logTime": "0328/025005", "correlationVector":"ztO9JCN3ZYVeg2S9jNt45o","action":"Initial GetUpdates", "result":"", "context":Reason: NEW_CLIENT. cV=ztO9JCN3ZYVeg2S9jNt45o}
{"logTime": "0328/025005", "correlationVector":"ztO9JCN3ZYVeg2S9jNt45o.1","action":"SyncServerConnectionManagerRequest", "result":"SYNC_SERVER_OK", "context":{"environment":"Prod_SoutheastAsia_000j", "migrationStage":"NotStarted", "server":"GENERAL0100000Q"}}
{"logTime": "0328/025005", "correlationVector":"ztO9JCN3ZYVeg2S9jNt45o.2","action":"GetUpdates Response", "result":"SYNCER_OK", "context":Received 11 update(s). cV=ztO9JCN3ZYVeg2S9jNt45o.0;server=GENERAL0100000Q;cloudType=Consumer;environment=Prod_SoutheastAsia_000j;migrationStage=NotStarted}
{"logTime": "0328/025005", "correlationVector":"Q9v3iygFlF9o+LhiJuZuub","action":"Normal GetUpdate request", "result":"", "context":cV=Q9v3iygFlF9o+LhiJuZuub
Nudged types: Device Info, User Consents
Refresh requested types: Device Info, User Consents, Send Tab To Self, Encryption Keys}
{"logTime": "0328/025005", "correlationVector":"Q9v3iygFlF9o+LhiJuZuub.1","action":"SyncServerConnectionManagerRequest", "result":"SYNC_SERVER_OK", "context":{"environment":"Prod_SoutheastAsia_000j", "migrationStage":"NotStarted", "server":"GENERAL0100001A"}}
{"logTime": "0328/025005", "correlationVector":"Q9v3iygFlF9o+LhiJuZuub.2","action":"GetUpdates Response", "result":"SYNCER_OK", "context":Received 0 update(s). cV=Q9v3iygFlF9o+LhiJuZuub.0;server=GENERAL0100001A;cloudType=Consumer;environment=Prod_SoutheastAsia_000j;migrationStage=NotStarted}
{"logTime": "0328/025005", "correlationVector":"1oWx9XvFoX95AeuYgclkRT","action":"Commit Request", "result":"", "context":Item count: 2
Contributing types: Device Info, User Consents}
{"logTime": "0328/025006", "correlationVector":"1oWx9XvFoX95AeuYgclkRT.1","action":"SyncServerConnectionManagerRequest", "result":"SYNC_SERVER_OK", "context":{"environment":"Prod_SoutheastAsia_000j", "migrationStage":"NotStarted", "server":"GENERAL0300002C"}}
{"logTime": "0328/025006", "correlationVector":"1oWx9XvFoX95AeuYgclkRT.2","action":"Commit Response", "result":"SYNCER_OK", "context":Result: SYNCER_OK. cV=1oWx9XvFoX95AeuYgclkRT.0;server=GENERAL0300002C;cloudType=Consumer;environment=Prod_SoutheastAsia_000j;migrationStage=NotStarted}
{"logTime": "0328/025006", "correlationVector":"vwOzO9dbAlUDB4ccBeb/pV","action":"Normal GetUpdate request", "result":"", "context":cV=vwOzO9dbAlUDB4ccBeb/pV
Nudged types: Device Info}
{"logTime": "0328/025006", "correlationVector":"vwOzO9dbAlUDB4ccBeb/pV.1","action":"SyncServerConnectionManagerRequest", "result":"SYNC_SERVER_OK", "context":{"environment":"Prod_SoutheastAsia_000j", "migrationStage":"NotStarted", "server":"GENERAL03000010"}}
{"logTime": "0328/025006", "correlationVector":"vwOzO9dbAlUDB4ccBeb/pV.2","action":"GetUpdates Response", "result":"SYNCER_OK", "context":Received 1 update(s). cV=vwOzO9dbAlUDB4ccBeb/pV.0;server=GENERAL03000010;cloudType=Consumer;environment=Prod_SoutheastAsia_000j;migrationStage=NotStarted}
{"logTime": "0328/025418", "correlationVector":"Ks66qcQkuXWhITdlXIAcNy","action":"Normal GetUpdate request", "result":"", "context":cV=Ks66qcQkuXWhITdlXIAcNy
Refresh requested types: Device Info, User Consents, Send Tab To Self, Encryption Keys}
{"logTime": "0328/025419", "correlationVector":"Ks66qcQkuXWhITdlXIAcNy.1","action":"SyncServerConnectionManagerRequest", "result":"SYNC_SERVER_OK", "context":{"environment":"Prod_SoutheastAsia_000j", "migrationStage":"NotStarted", "server":"GENERAL0100001F"}}
{"logTime": "0328/025419", "correlationVector":"Ks66qcQkuXWhITdlXIAcNy.2","action":"GetUpdates Response", "result":"SYNCER_OK", "context":Received 0 update(s). cV=Ks66qcQkuXWhITdlXIAcNy.0;server=GENERAL0100001F;cloudType=Consumer;environment=Prod_SoutheastAsia_000j;migrationStage=NotStarted}
{"logTime": "0328/030722", "correlationVector":"depaZEf24x6h3dVvD2Uml4","action":"SyncServerConnectionManagerRequest", "result":"CONNECTION_UNAVAILABLE", "context":{"error_type":"net_error_code", "error_value":"-101"}}
{"logTime": "0328/030753", "correlationVector":"xWxHiB+VvL/0K7Gqv2lFtU.1","action":"SyncServerConnectionManagerRequest", "result":"SYNC_SERVER_OK", "context":{"environment":"", "migrationStage":"", "server":""}}
{"logTime": "0328/030754", "correlationVector":"piovPdT2koxKWIEm/X77FM.1","action":"SyncServerConnectionManagerRequest", "result":"SYNC_SERVER_OK", "context":{"environment":"Prod_SoutheastAsia_000j", "migrationStage":"NotStarted", "server":"GENERAL03000016"}}
{"logTime": "0328/030754", "correlationVector":"depaZEf24x6h3dVvD2Uml4","action":"Initial GetUpdates", "result":"", "context":Reason: NEW_CLIENT. cV=depaZEf24x6h3dVvD2Uml4}
{"logTime": "0328/030754", "correlationVector":"xWxHiB+VvL/0K7Gqv2lFtU.0","action":"GetUpdates Response", "result":"NETWORK_ERROR_TRANSPORT (ERR_CONNECTION_RESET)", "context":Received error: NETWORK_ERROR_TRANSPORT (ERR_CONNECTION_RESET). }
{"logTime": "0328/030754", "correlationVector":"piovPdT2koxKWIEm/X77FM","action":"Initial GetUpdates", "result":"", "context":Reason: NEW_CLIENT. cV=piovPdT2koxKWIEm/X77FM}
{"logTime": "0328/030754", "correlationVector":"piovPdT2koxKWIEm/X77FM.2","action":"GetUpdates Response", "result":"SYNCER_OK", "context":Received 1 update(s). cV=piovPdT2koxKWIEm/X77FM.0;server=GENERAL03000016;cloudType=Consumer;environment=Prod_SoutheastAsia_000j;migrationStage=NotStarted}
{"logTime": "0328/030754", "correlationVector":"cFATgxVUtK62pAbMFBBQoK","action":"Initial GetUpdates", "result":"", "context":Reason: NEWLY_SUPPORTED_DATATYPE. cV=cFATgxVUtK62pAbMFBBQoK}
{"logTime": "0328/030754", "correlationVector":"cFATgxVUtK62pAbMFBBQoK.1","action":"SyncServerConnectionManagerRequest", "result":"SYNC_SERVER_OK", "context":{"environment":"Prod_SoutheastAsia_000j", "migrationStage":"NotStarted", "server":"general0100001D"}}
{"logTime": "0328/030754", "correlationVector":"cFATgxVUtK62pAbMFBBQoK.2","action":"GetUpdates", "result":"DeleteReceived", "context":{"id":"13230978-0aef-4ee3-a8c5-14903e15d4a3", "isDeleted:":"true", "version":"1705196278247"}}
{"logTime": "0328/030754", "correlationVector":"cFATgxVUtK62pAbMFBBQoK.3","action":"GetUpdates Response", "result":"SYNCER_OK", "context":Received 159 update(s). cV=cFATgxVUtK62pAbMFBBQoK.0;server=general0100001D;cloudType=Consumer;environment=Prod_SoutheastAsia_000j;migrationStage=NotStarted}
{"logTime": "0328/030754", "correlationVector":"iT7d1nAtO+aaQW7jJtX4MN","action":"Initial GetUpdates", "result":"", "context":Reason: NEWLY_SUPPORTED_DATATYPE. cV=iT7d1nAtO+aaQW7jJtX4MN}
{"logTime": "0328/030754", "correlationVector":"iT7d1nAtO+aaQW7jJtX4MN.1","action":"SyncServerConnectionManagerRequest", "result":"SYNC_SERVER_OK", "context":{"environment":"Prod_SoutheastAsia_000j", "migrationStage":"NotStarted", "server":"GENERAL0300001B"}}
{"logTime": "0328/030754", "correlationVector":"iT7d1nAtO+aaQW7jJtX4MN.2","action":"GetUpdates", "result":"DeleteReceived", "context":{"id":"a51db6a7-0bd9-461f-b576-db2557038f8c", "isDeleted:":"true", "version":"1700904985590"}}
{"logTime": "0328/030754", "correlationVector":"iT7d1nAtO+aaQW7jJtX4MN.3","action":"GetUpdates", "result":"DeleteReceived", "context":{"id":"43f02fa8-61a9-4861-b219-266df2e4a18c", "isDeleted:":"true", "version":"1700904988706"}}
{"logTime": "0328/030754", "correlationVector":"iT7d1nAtO+aaQW7jJtX4MN.4","action":"GetUpdates", "result":"DeleteReceived", "context":{"id":"05b8ac18-727f-4e88-988f-b1401f3296ee", "isDeleted:":"true", "version":"1700904991518"}}
{"logTime": "0328/030754", "correlationVector":"iT7d1nAtO+aaQW7jJtX4MN.5","action":"GetUpdates", "result":"DeleteReceived", "context":{"id":"eb8e5f3e-c183-430b-adcc-7335febe75b8", "isDeleted:":"true", "version":"1700904998163"}}
{"logTime": "0328/030754", "correlationVector":"iT7d1nAtO+aaQW7jJtX4MN.6","action":"GetUpdates", "result":"DeleteReceived", "context":{"id":"86dd1dd1-abbb-452c-88e9-b2b08b234604", "isDeleted:":"true", "version":"1700905000957"}}
{"logTime": "0328/030754", "correlationVector":"iT7d1nAtO+aaQW7jJtX4MN.7","action":"GetUpdates", "result":"DeleteReceived", "context":{"id":"48486249-a70c-4fd1-aa62-5db49cfe6d48", "isDeleted:":"true", "version":"1700905003745"}}
{"logTime": "0328/030754", "correlationVector":"iT7d1nAtO+aaQW7jJtX4MN.8","action":"GetUpdates", "result":"DeleteReceived", "context":{"id":"a28c17f3-1fcb-4786-a9cd-157da05447d3", "isDeleted:":"true", "version":"1700905003746"}}
{"logTime": "0328/030754", "correlationVector":"iT7d1nAtO+aaQW7jJtX4MN.9","action":"GetUpdates", "result":"DeleteReceived", "context":{"id":"bcaece31-b824-429b-95cc-ed706512aa89", "isDeleted:":"true", "version":"1700905006870"}}
{"logTime": "0328/030754", "correlationVector":"iT7d1nAtO+aaQW7jJtX4MN.10","action":"GetUpdates", "result":"DeleteReceived", "context":{"id":"a2fec90e-3b47-4970-ad55-52fbbe28be42", "isDeleted:":"true", "version":"1700905006871"}}
{"logTime": "0328/030754", "correlationVector":"iT7d1nAtO+aaQW7jJtX4MN.11","action":"GetUpdates", "result":"DeleteReceived", "context":{"id":"07ef127d-155c-4a68-ae0d-7c6c8a9f2308", "isDeleted:":"true", "version":"1700905010826"}}
{"logTime": "0328/030754", "correlationVector":"iT7d1nAtO+aaQW7jJtX4MN.12","action":"GetUpdates Response", "result":"SYNCER_OK", "context":Received 26 update(s). cV=iT7d1nAtO+aaQW7jJtX4MN.0;server=GENERAL0300001B;cloudType=Consumer;environment=Prod_SoutheastAsia_000j;migrationStage=NotStarted}
{"logTime": "0328/030754", "correlationVector":"XIOVVAPq0asPoHigsX1TYX","action":"Initial GetUpdates", "result":"", "context":Reason: NEWLY_SUPPORTED_DATATYPE. cV=XIOVVAPq0asPoHigsX1TYX}
{"logTime": "0328/030755", "correlationVector":"XIOVVAPq0asPoHigsX1TYX.1","action":"SyncServerConnectionManagerRequest", "result":"SYNC_SERVER_OK", "context":{"environment":"Prod_SoutheastAsia_000j", "migrationStage":"NotStarted", "server":"GENERAL0300000P"}}
{"logTime": "0328/030755", "correlationVector":"XIOVVAPq0asPoHigsX1TYX.2","action":"GetUpdates", "result":"DeleteReceived", "context":{"id":"ef88d01b-8c54-40c2-95c0-4cabc9637c51", "isDeleted:":"true", "version":"1708226763139"}}
{"logTime": "0328/030755", "correlationVector":"XIOVVAPq0asPoHigsX1TYX.3","action":"GetUpdates", "result":"DeleteReceived", "context":{"id":"d78c1774-fb32-4f67-bf1e-366e6161320c", "isDeleted:":"true", "version":"1709104746084"}}
{"logTime": "0328/030755", "correlationVector":"XIOVVAPq0asPoHigsX1TYX.4","action":"GetUpdates", "result":"DeleteReceived", "context":{"id":"dcf9fab9-494e-400f-8de2-fe2212d780c7", "isDeleted:":"true", "version":"1704170734665"}}
{"logTime": "0328/030755", "correlationVector":"XIOVVAPq0asPoHigsX1TYX.5","action":"GetUpdates", "result":"DeleteReceived", "context":{"id":"c3df985d-2a2d-46b3-9c99-52b6c5b5ca15", "isDeleted:":"true", "version":"1704170758480"}}
{"logTime": "0328/030755", "correlationVector":"XIOVVAPq0asPoHigsX1TYX.6","action":"GetUpdates", "result":"DeleteReceived", "context":{"id":"6c5d0fa9-1609-481c-b693-86015c6ffdd8", "isDeleted:":"true", "version":"1705196278248"}}
{"logTime": "0328/030755", "correlationVector":"XIOVVAPq0asPoHigsX1TYX.7","action":"GetUpdates", "result":"DeleteReceived", "context":{"id":"e0e5868e-ba72-48e0-9ddf-77257aca90f6", "isDeleted:":"true", "version":"1705196278249"}}
{"logTime": "0328/030755", "correlationVector":"XIOVVAPq0asPoHigsX1TYX.8","action":"GetUpdates", "result":"DeleteReceived", "context":{"id":"fb17a4f1-b190-4863-a5b0-428b77aecb38", "isDeleted:":"true", "version":"1705214579595"}}
{"logTime": "0328/030755", "correlationVector":"XIOVVAPq0asPoHigsX1TYX.9","action":"GetUpdates", "result":"DeleteReceived", "context":{"id":"7b0b65c5-4ce8-46fe-86af-3365578aabc5", "isDeleted:":"true", "version":"1705241256878"}}
{"logTime": "0328/030755", "correlationVector":"XIOVVAPq0asPoHigsX1TYX.10","action":"GetUpdates", "result":"DeleteReceived", "context":{"id":"f901af94-7348-49d0-ae89-473b0bc6bbc8", "isDeleted:":"true", "version":"1705241256879"}}
{"logTime": "0328/030755", "correlationVector":"XIOVVAPq0asPoHigsX1TYX.11","action":"GetUpdates", "result":"DeleteReceived", "context":{"id":"ec1d7b61-ea17-4ab5-a472-07b804ad3679", "isDeleted:":"true", "version":"1705241256881"}}
{"logTime": "0328/030755", "correlationVector":"XIOVVAPq0asPoHigsX1TYX.12","action":"GetUpdates", "result":"DeleteReceived", "context":{"id":"b1658d9d-c442-4fb5-80d9-355a9795a8e4", "isDeleted:":"true", "version":"1709104749591"}}
{"logTime": "0328/030755", "correlationVector":"XIOVVAPq0asPoHigsX1TYX.13","action":"GetUpdates", "result":"DeleteReceived", "context":{"id":"2c40b108-15b7-45ca-85d8-8551949432c9", "isDeleted:":"true", "version":"1709104772019"}}
{"logTime": "0328/030755", "correlationVector":"XIOVVAPq0asPoHigsX1TYX.14","action":"GetUpdates", "result":"DeleteReceived", "context":{"id":"7ec3167a-f0af-4cd4-8b7d-7ab337f9dc34", "isDeleted:":"true", "version":"1709104772020"}}
{"logTime": "0328/030755", "correlationVector":"XIOVVAPq0asPoHigsX1TYX.15","action":"GetUpdates", "result":"DeleteReceived", "context":{"id":"cc672b1b-16be-42a6-b382-a09bb1c67730", "isDeleted:":"true", "version":"1709104772021"}}
{"logTime": "0328/030755", "correlationVector":"XIOVVAPq0asPoHigsX1TYX.16","action":"GetUpdates", "result":"DeleteReceived", "context":{"id":"ad09caeb-d79c-435b-b91b-9c12c8f2bb00", "isDeleted:":"true", "version":"1709104772023"}}
{"logTime": "0328/030755", "correlationVector":"XIOVVAPq0asPoHigsX1TYX.17","action":"GetUpdates", "result":"DeleteReceived", "context":{"id":"7125463b-b3a8-4bbc-b345-8bea68f65a45", "isDeleted:":"true", "version":"1709373209779"}}
{"logTime": "0328/030755", "correlationVector":"XIOVVAPq0asPoHigsX1TYX.18","action":"GetUpdates", "result":"DeleteReceived", "context":{"id":"beefbd92-b75a-44d1-9497-4e2db58b201a", "isDeleted:":"true", "version":"1710051403509"}}
{"logTime": "0328/030755", "correlationVector":"XIOVVAPq0asPoHigsX1TYX.19","action":"GetUpdates", "result":"DeleteReceived", "context":{"id":"37ef8e66-e2ec-4fb1-9daf-7742a55387e8", "isDeleted:":"true", "version":"1710440588567"}}
{"logTime": "0328/030755", "correlationVector":"XIOVVAPq0asPoHigsX1TYX.20","action":"GetUpdates", "result":"DeleteReceived", "context":{"id":"11dd2d1c-bb72-4f67-8d09-a1f67152546b", "isDeleted:":"true", "version":"1711325115928"}}
{"logTime": "0328/030755", "correlationVector":"XIOVVAPq0asPoHigsX1TYX.21","action":"GetUpdates", "result":"DeleteReceived", "context":{"id":"9bb098f8-db62-4db6-8438-cdb93844adee", "isDeleted:":"true", "version":"1711507613269"}}
{"logTime": "0328/030755", "correlationVector":"XIOVVAPq0asPoHigsX1TYX.22","action":"GetUpdates Response", "result":"SYNCER_OK", "context":Received 71 update(s). cV=XIOVVAPq0asPoHigsX1TYX.0;server=GENERAL0300000P;cloudType=Consumer;environment=Prod_SoutheastAsia_000j;migrationStage=NotStarted}
{"logTime": "0328/030755", "correlationVector":"+vAiRrnWu1up7Z6mdVOHEe","action":"Normal GetUpdate request", "result":"", "context":cV=+vAiRrnWu1up7Z6mdVOHEe
Nudged types: Bookmarks, Preferences, Passwords, Typed URLs, Sessions, Device Info
Refresh requested types: Bookmarks, Preferences, Passwords, Autofill Profiles, Autofill, Typed URLs, Extensions, Sessions, Extension settings, History Delete Directives, Device Info, User Consents, Send Tab To Self, Web Apps, Collection, Edge E Drop, Edge Hub App Usage, Edge Wallet, Encryption Keys}
{"logTime": "0328/030755", "correlationVector":"+vAiRrnWu1up7Z6mdVOHEe.1","action":"SyncServerConnectionManagerRequest", "result":"SYNC_SERVER_OK", "context":{"environment":"Prod_SoutheastAsia_000j", "migrationStage":"NotStarted", "server":"GENERAL03000004"}}
{"logTime": "0328/030755", "correlationVector":"+vAiRrnWu1up7Z6mdVOHEe.2","action":"GetUpdates Response", "result":"SYNCER_OK", "context":Received 0 update(s). cV=+vAiRrnWu1up7Z6mdVOHEe.0;server=GENERAL03000004;cloudType=Consumer;environment=Prod_SoutheastAsia_000j;migrationStage=NotStarted}
{"logTime": "0328/030755", "correlationVector":"wP1UC8SAqU2/txUUbcpMzy","action":"Commit Request", "result":"", "context":Item count: 8
Contributing types: Bookmarks, Preferences, Passwords, Typed URLs, Sessions, Device Info}
{"logTime": "0328/030756", "correlationVector":"wP1UC8SAqU2/txUUbcpMzy.1","action":"SyncServerConnectionManagerRequest", "result":"SYNC_SERVER_OK", "context":{"environment":"Prod_SoutheastAsia_000j", "migrationStage":"NotStarted", "server":"GENERAL01000016"}}
{"logTime": "0328/030756", "correlationVector":"wP1UC8SAqU2/txUUbcpMzy.2","action":"Commit Response", "result":"SYNCER_OK", "context":Result: SYNCER_OK. cV=wP1UC8SAqU2/txUUbcpMzy.0;server=GENERAL01000016;cloudType=Consumer;environment=Prod_SoutheastAsia_000j;migrationStage=NotStarted}
{"logTime": "0328/030756", "correlationVector":"GJHgMtNs4YOKZPTU775yfl","action":"Normal GetUpdate request", "result":"", "context":cV=GJHgMtNs4YOKZPTU775yfl
Nudged types: Preferences, Passwords, Typed URLs, Sessions, Device Info}
{"logTime": "0328/030756", "correlationVector":"GJHgMtNs4YOKZPTU775yfl","action":"SyncServerConnectionManagerRequest", "result":"CONNECTION_UNAVAILABLE", "context":{"error_type":"net_error_code", "error_value":"-101"}}
{"logTime": "0328/030756", "correlationVector":"dL8jVV6K3kkIv0wfUglfJD.0","action":"GetUpdates Response", "result":"NETWORK_ERROR_TRANSPORT (ERR_CONNECTION_RESET)", "context":Received error: NETWORK_ERROR_TRANSPORT (ERR_CONNECTION_RESET). }
{"logTime": "0328/030842", "correlationVector":"mOMZuOk0DCkjk+bCfLWNKv","action":"Normal GetUpdate request", "result":"", "context":cV=mOMZuOk0DCkjk+bCfLWNKv
Nudged types: Preferences, Passwords, Typed URLs, Sessions, Device Info}
{"logTime": "0328/030842", "correlationVector":"mOMZuOk0DCkjk+bCfLWNKv","action":"SyncServerConnectionManagerRequest", "result":"CONNECTION_UNAVAILABLE", "context":{"error_type":"net_error_code", "error_value":"-101"}}
{"logTime": "0328/030842", "correlationVector":"wQkhd1u4xAMzPUocsBcGAm.0","action":"GetUpdates Response", "result":"NETWORK_ERROR_TRANSPORT (ERR_CONNECTION_RESET)", "context":Received error: NETWORK_ERROR_TRANSPORT (ERR_CONNECTION_RESET). }
{"logTime": "0328/030949", "correlationVector":"+blbVo1A4gPdeIq5H4euA4","action":"Normal GetUpdate request", "result":"", "context":cV=+blbVo1A4gPdeIq5H4euA4
Nudged types: Preferences, Passwords, Typed URLs, Sessions, Device Info}
{"logTime": "0328/030950", "correlationVector":"+blbVo1A4gPdeIq5H4euA4.1","action":"SyncServerConnectionManagerRequest", "result":"SYNC_SERVER_OK", "context":{"environment":"Prod_SoutheastAsia_000j", "migrationStage":"NotStarted", "server":"GENERAL0100000P"}}
{"logTime": "0328/030950", "correlationVector":"+blbVo1A4gPdeIq5H4euA4.2","action":"GetUpdates Response", "result":"SYNCER_OK", "context":Received 8 update(s). cV=+blbVo1A4gPdeIq5H4euA4.0;server=GENERAL0100000P;cloudType=Consumer;environment=Prod_SoutheastAsia_000j;migrationStage=NotStarted}
{"logTime": "0328/030950", "correlationVector":"d2gHYm3Qde7C/++f2ZDn6L","action":"Commit Request", "result":"", "context":Item count: 25
Contributing types: Passwords}
{"logTime": "0328/030952", "correlationVector":"d2gHYm3Qde7C/++f2ZDn6L.1","action":"SyncServerConnectionManagerRequest", "result":"SYNC_SERVER_OK", "context":{"environment":"Prod_SoutheastAsia_000j", "migrationStage":"NotStarted", "server":"GENERAL0300000A"}}
{"logTime": "0328/030952", "correlationVector":"d2gHYm3Qde7C/++f2ZDn6L.2","action":"Commit Response", "result":"SYNCER_OK", "context":Result: SYNCER_OK. cV=d2gHYm3Qde7C/++f2ZDn6L.0;server=GENERAL0300000A;cloudType=Consumer;environment=Prod_SoutheastAsia_000j;migrationStage=NotStarted}
{"logTime": "0328/030952", "correlationVector":"1AuI+UzxOlnix/GiLKDMEa","action":"Commit Request", "result":"", "context":Item count: 25
Contributing types: Passwords}
{"logTime": "0328/030953", "correlationVector":"1AuI+UzxOlnix/GiLKDMEa.1","action":"SyncServerConnectionManagerRequest", "result":"SYNC_SERVER_OK", "context":{"environment":"Prod_SoutheastAsia_000j", "migrationStage":"NotStarted", "server":"GENERAL0100001J"}}
{"logTime": "0328/030953", "correlationVector":"1AuI+UzxOlnix/GiLKDMEa.2","action":"Commit Response", "result":"SYNCER_OK", "context":Result: SYNCER_OK. cV=1AuI+UzxOlnix/GiLKDMEa.0;server=GENERAL0100001J;cloudType=Consumer;environment=Prod_SoutheastAsia_000j;migrationStage=NotStarted}
{"logTime": "0328/030953", "correlationVector":"PSrZ3K2FO8hDSYSGUmMDbV","action":"Commit Request", "result":"", "context":Item count: 5
Contributing types: Preferences, Passwords}
{"logTime": "0328/030954", "correlationVector":"PSrZ3K2FO8hDSYSGUmMDbV.1","action":"SyncServerConnectionManagerRequest", "result":"SYNC_SERVER_OK", "context":{"environment":"Prod_SoutheastAsia_000j", "migrationStage":"NotStarted", "server":"GENERAL0300000G"}}
{"logTime": "0328/030954", "correlationVector":"PSrZ3K2FO8hDSYSGUmMDbV.2","action":"Commit Response", "result":"SYNCER_OK", "context":Result: SYNCER_OK. cV=PSrZ3K2FO8hDSYSGUmMDbV.0;server=GENERAL0300000G;cloudType=Consumer;environment=Prod_SoutheastAsia_000j;migrationStage=NotStarted}
{"logTime": "0328/031207", "correlationVector":"j58urlPcvfxgij5kNHoT0n","action":"Normal GetUpdate request", "result":"", "context":cV=j58urlPcvfxgij5kNHoT0n
Nudged types: Preferences
Refresh requested types: Bookmarks, Preferences, Passwords, Autofill Profiles, Autofill, Typed URLs, Extensions, Sessions, Extension settings, History Delete Directives, Device Info, User Consents, Send Tab To Self, Web Apps, Collection, Edge E Drop, Edge Hub App Usage, Edge Wallet, Encryption Keys}
{"logTime": "0328/031208", "correlationVector":"j58urlPcvfxgij5kNHoT0n.1","action":"SyncServerConnectionManagerRequest", "result":"SYNC_SERVER_OK", "context":{"environment":"Prod_SoutheastAsia_000j", "migrationStage":"NotStarted", "server":"GENERAL0300001P"}}
{"logTime": "0328/031208", "correlationVector":"j58urlPcvfxgij5kNHoT0n.2","action":"GetUpdates Response", "result":"SYNCER_OK", "context":Received 55 update(s). cV=j58urlPcvfxgij5kNHoT0n.0;server=GENERAL0300001P;cloudType=Consumer;environment=Prod_SoutheastAsia_000j;migrationStage=NotStarted}
{"logTime": "0328/031208", "correlationVector":"rhVgGcS4Bh+hEqVTyn8jCE","action":"Commit Request", "result":"", "context":Item count: 1
Contributing types: Preferences}
{"logTime": "0328/031208", "correlationVector":"rhVgGcS4Bh+hEqVTyn8jCE.1","action":"SyncServerConnectionManagerRequest", "result":"SYNC_SERVER_OK", "context":{"environment":"Prod_SoutheastAsia_000j", "migrationStage":"NotStarted", "server":"GENERAL03000011"}}
{"logTime": "0328/031208", "correlationVector":"rhVgGcS4Bh+hEqVTyn8jCE.2","action":"Commit Response", "result":"SYNCER_OK", "context":Result: SYNCER_OK. cV=rhVgGcS4Bh+hEqVTyn8jCE.0;server=GENERAL03000011;cloudType=Consumer;environment=Prod_SoutheastAsia_000j;migrationStage=NotStarted}
{"logTime": "0328/031951", "correlationVector":"ys6CHJFBfJKtdQ5QEI/lVI","action":"Commit Request", "result":"", "context":Item count: 2
Contributing types: Passwords, Sessions}
{"logTime": "0328/031951", "correlationVector":"ys6CHJFBfJKtdQ5QEI/lVI.1","action":"SyncServerConnectionManagerRequest", "result":"SYNC_SERVER_OK", "context":{"environment":"Prod_SoutheastAsia_000j", "migrationStage":"NotStarted", "server":"GENERAL0300001P"}}
{"logTime": "0328/031951", "correlationVector":"ys6CHJFBfJKtdQ5QEI/lVI.2","action":"Commit Response", "result":"SYNCER_OK", "context":Result: SYNCER_OK. cV=ys6CHJFBfJKtdQ5QEI/lVI.0;server=GENERAL0300001P;cloudType=Consumer;environment=Prod_SoutheastAsia_000j;migrationStage=NotStarted}
{"logTime": "0328/032022", "correlationVector":"KIKg6dHo9C5D3MqT4tQvme","action":"Commit Request", "result":"", "context":Item count: 1
Contributing types: Sessions}
{"logTime": "0328/032022", "correlationVector":"KIKg6dHo9C5D3MqT4tQvme.1","action":"SyncServerConnectionManagerRequest", "result":"SYNC_SERVER_OK", "context":{"environment":"Prod_SoutheastAsia_000j", "migrationStage":"NotStarted", "server":"GENERAL0100000N"}}
{"logTime": "0328/032022", "correlationVector":"KIKg6dHo9C5D3MqT4tQvme.2","action":"Commit Response", "result":"SYNCER_OK", "context":Result: SYNCER_OK. cV=KIKg6dHo9C5D3MqT4tQvme.0;server=GENERAL0100000N;cloudType=Consumer;environment=Prod_SoutheastAsia_000j;migrationStage=NotStarted}
{"logTime": "0329/103857", "correlationVector":"q05sQJpPZ0DrwOtocJdmXb.1","action":"SyncServerConnectionManagerRequest", "result":"SYNC_SERVER_OK", "context":{"environment":"Prod_SoutheastAsia_000j", "migrationStage":"NotStarted", "server":"GENERAL0300000O"}}
{"logTime": "0329/103857", "correlationVector":"q05sQJpPZ0DrwOtocJdmXb","action":"Initial GetUpdates", "result":"", "context":Reason: NEW_CLIENT. cV=q05sQJpPZ0DrwOtocJdmXb}
{"logTime": "0329/103857", "correlationVector":"q05sQJpPZ0DrwOtocJdmXb.2","action":"GetUpdates Response", "result":"SYNCER_OK", "context":Received 1 update(s). cV=q05sQJpPZ0DrwOtocJdmXb.0;server=GENERAL0300000O;cloudType=Consumer;environment=Prod_SoutheastAsia_000j;migrationStage=NotStarted}
{"logTime": "0329/103857", "correlationVector":"4c7mP1wiNkrm50v99lneJ9","action":"SyncServerConnectionManagerRequest", "result":"SYNC_SERVER_OK", "context":{"environment":"", "migrationStage":"", "server":""}}
{"logTime": "0329/103857", "correlationVector":"9Rw+pBKvmiRhdNtr8TyRjI","action":"Initial GetUpdates", "result":"", "context":Reason: NEWLY_SUPPORTED_DATATYPE. cV=9Rw+pBKvmiRhdNtr8TyRjI}
{"logTime": "0329/103857", "correlationVector":"9Rw+pBKvmiRhdNtr8TyRjI.1","action":"SyncServerConnectionManagerRequest", "result":"SYNC_SERVER_OK", "context":{"environment":"Prod_SoutheastAsia_000j", "migrationStage":"NotStarted", "server":"GENERAL0100000Z"}}
{"logTime": "0329/103857", "correlationVector":"9Rw+pBKvmiRhdNtr8TyRjI.2","action":"GetUpdates Response", "result":"SYNCER_OK", "context":Received 88 update(s). cV=9Rw+pBKvmiRhdNtr8TyRjI.0;server=GENERAL0100000Z;cloudType=Consumer;environment=Prod_SoutheastAsia_000j;migrationStage=NotStarted}
{"logTime": "0329/103857", "correlationVector":"bk0SmwkJXHPHV4SONIQmq3","action":"Normal GetUpdate request", "result":"", "context":cV=bk0SmwkJXHPHV4SONIQmq3
Nudged types: Sessions, Device Info
Refresh requested types: Bookmarks, Preferences, Passwords, Autofill Profiles, Autofill, Typed URLs, Extensions, Sessions, Extension settings, History Delete Directives, Device Info, User Consents, Send Tab To Self, Web Apps, Collection, Edge E Drop, Edge Hub App Usage, Edge Wallet, Encryption Keys}
{"logTime": "0329/103857", "correlationVector":"bk0SmwkJXHPHV4SONIQmq3.1","action":"SyncServerConnectionManagerRequest", "result":"SYNC_SERVER_OK", "context":{"environment":"Prod_SoutheastAsia_000j", "migrationStage":"NotStarted", "server":"GENERAL0300000P"}}
{"logTime": "0329/103857", "correlationVector":"bk0SmwkJXHPHV4SONIQmq3.2","action":"GetUpdates Response", "result":"SYNCER_OK", "context":Received 9 update(s). cV=bk0SmwkJXHPHV4SONIQmq3.0;server=GENERAL0300000P;cloudType=Consumer;environment=Prod_SoutheastAsia_000j;migrationStage=NotStarted}
{"logTime": "0329/103857", "correlationVector":"Bs0ZMkEjynguiAjWwyyYl1","action":"Commit Request", "result":"", "context":Item count: 4
Contributing types: Sessions, Device Info}
{"logTime": "0329/103857", "correlationVector":"Bs0ZMkEjynguiAjWwyyYl1.1","action":"SyncServerConnectionManagerRequest", "result":"SYNC_SERVER_OK", "context":{"environment":"Prod_SoutheastAsia_000j", "migrationStage":"NotStarted", "server":"GENERAL0300002H"}}
{"logTime": "0329/103857", "correlationVector":"Bs0ZMkEjynguiAjWwyyYl1.3","action":"Commit.Sessions", "result":"Success", "context":{"id":"5a770b4a-7fda-4e17-987c-876f3d1513a8", "isDeleted":"true", "size":"0", "version":"1711596022853"}}
{"logTime": "0329/103857", "correlationVector":"Bs0ZMkEjynguiAjWwyyYl1.2","action":"Commit Response", "result":"SYNCER_OK", "context":Result: SYNCER_OK. cV=Bs0ZMkEjynguiAjWwyyYl1.0;server=GENERAL0300002H;cloudType=Consumer;environment=Prod_SoutheastAsia_000j;migrationStage=NotStarted}
{"logTime": "0329/103857", "correlationVector":"jENo7jZuqfB3jOuCUCzXvP","action":"Poll GetUpdate request", "result":"", "context":cV=jENo7jZuqfB3jOuCUCzXvP}
{"logTime": "0329/103857", "correlationVector":"jENo7jZuqfB3jOuCUCzXvP.1","action":"SyncServerConnectionManagerRequest", "result":"SYNC_SERVER_OK", "context":{"environment":"Prod_SoutheastAsia_000j", "migrationStage":"NotStarted", "server":"GENERAL0300000L"}}
{"logTime": "0329/103857", "correlationVector":"jENo7jZuqfB3jOuCUCzXvP.2","action":"GetUpdates", "result":"DeleteReceived", "context":{"id":"5a770b4a-7fda-4e17-987c-876f3d1513a8", "isDeleted:":"true", "version":"1711708731341"}}
{"logTime": "0329/103857", "correlationVector":"jENo7jZuqfB3jOuCUCzXvP.3","action":"GetUpdates Response", "result":"SYNCER_OK", "context":Received 4 update(s). cV=jENo7jZuqfB3jOuCUCzXvP.0;server=GENERAL0300000L;cloudType=Consumer;environment=Prod_SoutheastAsia_000j;migrationStage=NotStarted}
{"logTime": "0329/103857", "correlationVector":"dzfokqnwTSk6WeO0gEpeaj","action":"Normal GetUpdate request", "result":"", "context":cV=dzfokqnwTSk6WeO0gEpeaj
Nudged types: Sessions, Device Info}
{"logTime": "0329/103857", "correlationVector":"dzfokqnwTSk6WeO0gEpeaj.1","action":"SyncServerConnectionManagerRequest", "result":"SYNC_SERVER_OK", "context":{"environment":"Prod_SoutheastAsia_000j", "migrationStage":"NotStarted", "server":"GENERAL01000008"}}
{"logTime": "0329/103857", "correlationVector":"dzfokqnwTSk6WeO0gEpeaj.2","action":"GetUpdates Response", "result":"SYNCER_OK", "context":Received 0 update(s). cV=dzfokqnwTSk6WeO0gEpeaj.0;server=GENERAL01000008;cloudType=Consumer;environment=Prod_SoutheastAsia_000j;migrationStage=NotStarted}
{"logTime": "0329/103857", "correlationVector":"A5W8lIBlUx+qKUQweKRlo9","action":"Commit Request", "result":"", "context":Item count: 11
Contributing types: Preferences, Passwords, Sessions}
{"logTime": "0329/103857", "correlationVector":"A5W8lIBlUx+qKUQweKRlo9","action":"SyncServerConnectionManagerRequest", "result":"CONNECTION_UNAVAILABLE", "context":{"error_type":"net_error_code", "error_value":"-101"}}
{"logTime": "0329/103857", "correlationVector":"KBaaVLmcr8n2vgUE1Oxkfy.0","action":"Commit Response", "result":"NETWORK_ERROR_TRANSPORT (ERR_CONNECTION_RESET)", "context":Result: NETWORK_ERROR_TRANSPORT (ERR_CONNECTION_RESET). }
